This file contains any messages produced by compilers while
running configure, to aid debugging if configure makes a mistake.

It was created by configure, which was
generated by GNU Autoconf 2.65.  Invocation command line was

  $ ./configure --prefix=/usr/local --with-samba-source=/home/sjg/projects/samba/source3

## --------- ##
## Platform. ##
## --------- ##

hostname = df.thesjg.com
uname -m = i386
uname -r = 2.9-DEVELOPMENT
uname -s = DragonFly
uname -v = DragonFly v2.9.1.848.g521f81-DEVELOPMENT #11: Wed Mar  9 05:42:47 UTC 2011     sjg@df.thesjg.com:/usr/obj/home/sjg/dragonfly/sys/GENERIC 

/usr/bin/uname -p = i386
/bin/uname -X     = unknown

/bin/arch              = unknown
/usr/bin/arch -k       = unknown
/usr/convex/getsysinfo = unknown
/usr/bin/hostinfo      = unknown
/bin/machine           = unknown
/usr/bin/oslevel       = unknown
/bin/universe          = unknown

PATH: /sbin
PATH: /bin
PATH: /usr/sbin
PATH: /usr/bin
PATH: /usr/games
PATH: /usr/pkg/sbin
PATH: /usr/pkg/bin
PATH: /usr/pkg/xorg/bin
PATH: /usr/local/sbin
PATH: /usr/local/bin
PATH: /home/sjg/bin
PATH: /usr/pkg/bin
PATH: /usr/pkg/sbin


## ----------- ##
## Core tests. ##
## ----------- ##

configure:2043: checking for gcc
configure:2059: found /usr/bin/gcc
configure:2070: result: gcc
configure:2299: checking for C compiler version
configure:2308: gcc --version >&5
gcc (DragonFly) 4.4.2
Copyright (C) 2009 Free Software Foundation, Inc.
This is free software; see the source for copying conditions.  There is NO
warranty; not even for MERCHANTABILITY or FITNESS FOR A PARTICULAR PURPOSE.

configure:2319: $? = 0
configure:2308: gcc -v >&5
Using built-in specs.
Target: i386-pc-dragonflybsd
Configured with: DragonFly/i386 system compiler
Thread model: posix
gcc version 4.4.2 (DragonFly) 
configure:2319: $? = 0
configure:2308: gcc -V >&5
gcc: '-V' option must have argument
configure:2319: $? = 1
configure:2308: gcc -qversion >&5
gcc: unrecognized option '-qversion'
gcc: no input files
configure:2319: $? = 1
configure:2339: checking whether the C compiler works
configure:2361: gcc    conftest.c  >&5
configure:2365: $? = 0
configure:2414: result: yes
configure:2417: checking for C compiler default output file name
configure:2419: result: a.out
configure:2425: checking for suffix of executables
configure:2432: gcc -o conftest    conftest.c  >&5
configure:2436: $? = 0
configure:2458: result: 
configure:2480: checking whether we are cross compiling
configure:2488: gcc -o conftest    conftest.c  >&5
configure:2492: $? = 0
configure:2499: ./conftest
configure:2503: $? = 0
configure:2518: result: no
configure:2523: checking for suffix of object files
configure:2545: gcc -c   conftest.c >&5
configure:2549: $? = 0
configure:2570: result: o
configure:2574: checking whether we are using the GNU C compiler
configure:2593: gcc -c   conftest.c >&5
configure:2593: $? = 0
configure:2602: result: yes
configure:2611: checking whether gcc accepts -g
configure:2631: gcc -c -g  conftest.c >&5
configure:2631: $? = 0
configure:2672: result: yes
configure:2689: checking for gcc option to accept ISO C89
configure:2753: gcc  -c -g -O2  conftest.c >&5
configure:2753: $? = 0
configure:2766: result: none needed
configure:2823: checking for a BSD-compatible install
configure:2891: result: /usr/bin/install -c
configure:2906: checking build system type
configure:2920: result: i386-unknown-dragonfly2.9
configure:2940: checking host system type
configure:2953: result: i386-unknown-dragonfly2.9
configure:3058: checking for krb5-config
configure:3076: found /usr/pkg/bin/krb5-config
configure:3088: result: /usr/pkg/bin/krb5-config
configure:3096: checking for working krb5-config
configure:3102: result: yes
configure:3189: checking how to run the C preprocessor
configure:3220: gcc -E  -I/usr/pkg/include/krb5  conftest.c
configure:3220: $? = 0
configure:3234: gcc -E  -I/usr/pkg/include/krb5  conftest.c
conftest.c:9:28: error: ac_nonexistent.h: No such file or directory
configure:3234: $? = 1
configure: failed program was:
| /* confdefs.h */
| #define PACKAGE_NAME ""
| #define PACKAGE_TARNAME ""
| #define PACKAGE_VERSION ""
| #define PACKAGE_STRING ""
| #define PACKAGE_BUGREPORT ""
| #define PACKAGE_URL ""
| /* end confdefs.h.  */
| #include <ac_nonexistent.h>
configure:3259: result: gcc -E
configure:3279: gcc -E  -I/usr/pkg/include/krb5  conftest.c
configure:3279: $? = 0
configure:3293: gcc -E  -I/usr/pkg/include/krb5  conftest.c
conftest.c:9:28: error: ac_nonexistent.h: No such file or directory
configure:3293: $? = 1
configure: failed program was:
| /* confdefs.h */
| #define PACKAGE_NAME ""
| #define PACKAGE_TARNAME ""
| #define PACKAGE_VERSION ""
| #define PACKAGE_STRING ""
| #define PACKAGE_BUGREPORT ""
| #define PACKAGE_URL ""
| /* end confdefs.h.  */
| #include <ac_nonexistent.h>
configure:3322: checking for grep that handles long lines and -e
configure:3380: result: /usr/bin/grep
configure:3385: checking for egrep
configure:3447: result: /usr/bin/grep -E
configure:3452: checking for ANSI C header files
configure:3472: gcc -c -g -O2 -I/usr/pkg/include/krb5   -I/usr/pkg/include/krb5  conftest.c >&5
configure:3472: $? = 0
configure:3545: gcc -o conftest -g -O2 -I/usr/pkg/include/krb5   -I/usr/pkg/include/krb5   conftest.c  >&5
configure:3545: $? = 0
configure:3545: ./conftest
configure:3545: $? = 0
configure:3556: result: yes
configure:3569: checking for sys/types.h
configure:3569: gcc -c -g -O2 -I/usr/pkg/include/krb5   -I/usr/pkg/include/krb5  conftest.c >&5
configure:3569: $? = 0
configure:3569: result: yes
configure:3569: checking for sys/stat.h
configure:3569: gcc -c -g -O2 -I/usr/pkg/include/krb5   -I/usr/pkg/include/krb5  conftest.c >&5
configure:3569: $? = 0
configure:3569: result: yes
configure:3569: checking for stdlib.h
configure:3569: gcc -c -g -O2 -I/usr/pkg/include/krb5   -I/usr/pkg/include/krb5  conftest.c >&5
configure:3569: $? = 0
configure:3569: result: yes
configure:3569: checking for string.h
configure:3569: gcc -c -g -O2 -I/usr/pkg/include/krb5   -I/usr/pkg/include/krb5  conftest.c >&5
configure:3569: $? = 0
configure:3569: result: yes
configure:3569: checking for memory.h
configure:3569: gcc -c -g -O2 -I/usr/pkg/include/krb5   -I/usr/pkg/include/krb5  conftest.c >&5
configure:3569: $? = 0
configure:3569: result: yes
configure:3569: checking for strings.h
configure:3569: gcc -c -g -O2 -I/usr/pkg/include/krb5   -I/usr/pkg/include/krb5  conftest.c >&5
configure:3569: $? = 0
configure:3569: result: yes
configure:3569: checking for inttypes.h
configure:3569: gcc -c -g -O2 -I/usr/pkg/include/krb5   -I/usr/pkg/include/krb5  conftest.c >&5
configure:3569: $? = 0
configure:3569: result: yes
configure:3569: checking for stdint.h
configure:3569: gcc -c -g -O2 -I/usr/pkg/include/krb5   -I/usr/pkg/include/krb5  conftest.c >&5
configure:3569: $? = 0
configure:3569: result: yes
configure:3569: checking for unistd.h
configure:3569: gcc -c -g -O2 -I/usr/pkg/include/krb5   -I/usr/pkg/include/krb5  conftest.c >&5
configure:3569: $? = 0
configure:3569: result: yes
configure:3584: checking krb5.h usability
configure:3584: gcc -c -g -O2 -I/usr/pkg/include/krb5   -I/usr/pkg/include/krb5  conftest.c >&5
configure:3584: $? = 0
configure:3584: result: yes
configure:3584: checking krb5.h presence
configure:3584: gcc -E  -I/usr/pkg/include/krb5  conftest.c
configure:3584: $? = 0
configure:3584: result: yes
configure:3584: checking for krb5.h
configure:3584: result: yes
configure:3600: checking gssapi.h usability
configure:3600: gcc -c -g -O2 -I/usr/pkg/include/krb5   -I/usr/pkg/include/krb5  conftest.c >&5
configure:3600: $? = 0
configure:3600: result: yes
configure:3600: checking gssapi.h presence
configure:3600: gcc -E  -I/usr/pkg/include/krb5  conftest.c
configure:3600: $? = 0
configure:3600: result: yes
configure:3600: checking for gssapi.h
configure:3600: result: yes
configure:3600: checking gssapi/gssapi_generic.h usability
configure:3600: gcc -c -g -O2 -I/usr/pkg/include/krb5   -I/usr/pkg/include/krb5  conftest.c >&5
conftest.c:54:35: error: gssapi/gssapi_generic.h: No such file or directory
configure:3600: $? = 1
configure: failed program was:
| /* confdefs.h */
| #define PACKAGE_NAME ""
| #define PACKAGE_TARNAME ""
| #define PACKAGE_VERSION ""
| #define PACKAGE_STRING ""
| #define PACKAGE_BUGREPORT ""
| #define PACKAGE_URL ""
| #define STDC_HEADERS 1
| #define HAVE_SYS_TYPES_H 1
| #define HAVE_SYS_STAT_H 1
| #define HAVE_STDLIB_H 1
| #define HAVE_STRING_H 1
| #define HAVE_MEMORY_H 1
| #define HAVE_STRINGS_H 1
| #define HAVE_INTTYPES_H 1
| #define HAVE_STDINT_H 1
| #define HAVE_UNISTD_H 1
| #define HAVE_KRB5_H 1
| #define HAVE_GSSAPI_H 1
| /* end confdefs.h.  */
| #include <stdio.h>
| #ifdef HAVE_SYS_TYPES_H
| # include <sys/types.h>
| #endif
| #ifdef HAVE_SYS_STAT_H
| # include <sys/stat.h>
| #endif
| #ifdef STDC_HEADERS
| # include <stdlib.h>
| # include <stddef.h>
| #else
| # ifdef HAVE_STDLIB_H
| #  include <stdlib.h>
| # endif
| #endif
| #ifdef HAVE_STRING_H
| # if !defined STDC_HEADERS && defined HAVE_MEMORY_H
| #  include <memory.h>
| # endif
| # include <string.h>
| #endif
| #ifdef HAVE_STRINGS_H
| # include <strings.h>
| #endif
| #ifdef HAVE_INTTYPES_H
| # include <inttypes.h>
| #endif
| #ifdef HAVE_STDINT_H
| # include <stdint.h>
| #endif
| #ifdef HAVE_UNISTD_H
| # include <unistd.h>
| #endif
| #include <gssapi/gssapi_generic.h>
configure:3600: result: no
configure:3600: checking gssapi/gssapi_generic.h presence
configure:3600: gcc -E  -I/usr/pkg/include/krb5  conftest.c
conftest.c:21:35: error: gssapi/gssapi_generic.h: No such file or directory
configure:3600: $? = 1
configure: failed program was:
| /* confdefs.h */
| #define PACKAGE_NAME ""
| #define PACKAGE_TARNAME ""
| #define PACKAGE_VERSION ""
| #define PACKAGE_STRING ""
| #define PACKAGE_BUGREPORT ""
| #define PACKAGE_URL ""
| #define STDC_HEADERS 1
| #define HAVE_SYS_TYPES_H 1
| #define HAVE_SYS_STAT_H 1
| #define HAVE_STDLIB_H 1
| #define HAVE_STRING_H 1
| #define HAVE_MEMORY_H 1
| #define HAVE_STRINGS_H 1
| #define HAVE_INTTYPES_H 1
| #define HAVE_STDINT_H 1
| #define HAVE_UNISTD_H 1
| #define HAVE_KRB5_H 1
| #define HAVE_GSSAPI_H 1
| /* end confdefs.h.  */
| #include <gssapi/gssapi_generic.h>
configure:3600: result: no
configure:3600: checking for gssapi/gssapi_generic.h
configure:3600: result: no
configure:3600: checking gssapi/gssapi.h usability
configure:3600: gcc -c -g -O2 -I/usr/pkg/include/krb5   -I/usr/pkg/include/krb5  conftest.c >&5
configure:3600: $? = 0
configure:3600: result: yes
configure:3600: checking gssapi/gssapi.h presence
configure:3600: gcc -E  -I/usr/pkg/include/krb5  conftest.c
configure:3600: $? = 0
configure:3600: result: yes
configure:3600: checking for gssapi/gssapi.h
configure:3600: result: yes
configure:3600: checking com_err.h usability
configure:3600: gcc -c -g -O2 -I/usr/pkg/include/krb5   -I/usr/pkg/include/krb5  conftest.c >&5
configure:3600: $? = 0
configure:3600: result: yes
configure:3600: checking com_err.h presence
configure:3600: gcc -E  -I/usr/pkg/include/krb5  conftest.c
configure:3600: $? = 0
configure:3600: result: yes
configure:3600: checking for com_err.h
configure:3600: result: yes
configure:3643: checking ability to build shared libraries
configure:3811: result: false
configure:3813: checking linker flags for shared libraries
configure:3815: result: -shared
configure:3817: checking compiler flags for position-independent code
configure:3819: result: 
configure:3961: creating ./config.status

## ---------------------- ##
## Running config.status. ##
## ---------------------- ##

This file was extended by config.status, which was
generated by GNU Autoconf 2.65.  Invocation command line was

  CONFIG_FILES    = 
  CONFIG_HEADERS  = 
  CONFIG_LINKS    = 
  CONFIG_COMMANDS = 
  $ ./config.status 

on df.thesjg.com

config.status:834: creating Makefile
config.status:834: creating module_config.h
config.status:1000: module_config.h is unchanged

## ---------------- ##
## Cache variables. ##
## ---------------- ##

ac_cv_build=i386-unknown-dragonfly2.9
ac_cv_c_compiler_gnu=yes
ac_cv_env_CC_set=''
ac_cv_env_CC_value=''
ac_cv_env_CFLAGS_set=''
ac_cv_env_CFLAGS_value=''
ac_cv_env_CPPFLAGS_set=''
ac_cv_env_CPPFLAGS_value=''
ac_cv_env_CPP_set=''
ac_cv_env_CPP_value=''
ac_cv_env_LDFLAGS_set=''
ac_cv_env_LDFLAGS_value=''
ac_cv_env_LIBS_set=''
ac_cv_env_LIBS_value=''
ac_cv_env_build_alias_set=''
ac_cv_env_build_alias_value=''
ac_cv_env_host_alias_set=''
ac_cv_env_host_alias_value=''
ac_cv_env_target_alias_set=''
ac_cv_env_target_alias_value=''
ac_cv_header_com_err_h=yes
ac_cv_header_gssapi_gssapi_generic_h=no
ac_cv_header_gssapi_gssapi_h=yes
ac_cv_header_gssapi_h=yes
ac_cv_header_inttypes_h=yes
ac_cv_header_krb5_h=yes
ac_cv_header_memory_h=yes
ac_cv_header_stdc=yes
ac_cv_header_stdint_h=yes
ac_cv_header_stdlib_h=yes
ac_cv_header_string_h=yes
ac_cv_header_strings_h=yes
ac_cv_header_sys_stat_h=yes
ac_cv_header_sys_types_h=yes
ac_cv_header_unistd_h=yes
ac_cv_host=i386-unknown-dragonfly2.9
ac_cv_objext=o
ac_cv_path_EGREP='/usr/bin/grep -E'
ac_cv_path_GREP=/usr/bin/grep
ac_cv_path_KRB5CONFIG=/usr/pkg/bin/krb5-config
ac_cv_path_install='/usr/bin/install -c'
ac_cv_prog_CPP='gcc -E'
ac_cv_prog_ac_ct_CC=gcc
ac_cv_prog_cc_c89=''
ac_cv_prog_cc_g=yes

## ----------------- ##
## Output variables. ##
## ----------------- ##

CC='gcc'
CFLAGS='-g -O2 -I/usr/pkg/include/krb5 '
CPP='gcc -E'
CPPFLAGS=' -I/usr/pkg/include/krb5 '
DEFS='-DHAVE_CONFIG_H'
DYNEXP=''
ECHO_C=''
ECHO_N='-n'
ECHO_T=''
EGREP='/usr/bin/grep -E'
EXEEXT=''
EXTRA_ALL_TARGETS=''
EXTRA_BIN_PROGS=''
EXTRA_SBIN_PROGS=''
GREP='/usr/bin/grep'
HOST_OS='dragonfly2.9'
INSTALLCLIENTCMD_A=''
INSTALLCLIENTCMD_SH=''
INSTALL_DATA='${INSTALL} -m 644'
INSTALL_PROGRAM='${INSTALL}'
INSTALL_SCRIPT='${INSTALL}'
KRB5CONFIG='/usr/pkg/bin/krb5-config'
LDFLAGS=''
LDSHFLAGS='-shared'
LIBOBJS=''
LIBS=''
LTLIBOBJS=''
OBJEXT='o'
PACKAGE_BUGREPORT=''
PACKAGE_NAME=''
PACKAGE_STRING=''
PACKAGE_TARNAME=''
PACKAGE_URL=''
PACKAGE_VERSION=''
PATH_SEPARATOR=':'
PICFLAGS=''
PICSUFFIX='po'
ROFF=''
SAMBA_SOURCE='/home/sjg/projects/samba/source3'
SHELL='/bin/sh'
SHLD='${CC}'
SHLIBEXT='so'
SHLIB_PROGS=''
SONAMEFLAG='#'
ac_ct_CC='gcc'
bindir='${exec_prefix}/bin'
build='i386-unknown-dragonfly2.9'
build_alias=''
build_cpu='i386'
build_os='dragonfly2.9'
build_vendor='unknown'
builddir='/home/sjg/projects/samba3_hammerfs_shadow_copy'
datadir='${datarootdir}'
datarootdir='${prefix}/share'
docdir='${datarootdir}/doc/${PACKAGE}'
dvidir='${docdir}'
exec_prefix='${prefix}'
host='i386-unknown-dragonfly2.9'
host_alias=''
host_cpu='i386'
host_os='dragonfly2.9'
host_vendor='unknown'
htmldir='${docdir}'
includedir='${prefix}/include'
infodir='${datarootdir}/info'
libdir='${prefix}/lib'
libexecdir='${exec_prefix}/libexec'
localedir='${datarootdir}/locale'
localstatedir='${prefix}/var'
mandir='${datarootdir}/man'
oldincludedir='/usr/include'
pdfdir='${docdir}'
prefix='/usr/local'
program_transform_name='s,x,x,'
psdir='${docdir}'
sbindir='${exec_prefix}/sbin'
sharedstatedir='${prefix}/com'
sysconfdir='${prefix}/etc'
target_alias=''

## ----------- ##
## confdefs.h. ##
## ----------- ##

/* confdefs.h */
#define PACKAGE_NAME ""
#define PACKAGE_TARNAME ""
#define PACKAGE_VERSION ""
#define PACKAGE_STRING ""
#define PACKAGE_BUGREPORT ""
#define PACKAGE_URL ""
#define STDC_HEADERS 1
#define HAVE_SYS_TYPES_H 1
#define HAVE_SYS_STAT_H 1
#define HAVE_STDLIB_H 1
#define HAVE_STRING_H 1
#define HAVE_MEMORY_H 1
#define HAVE_STRINGS_H 1
#define HAVE_INTTYPES_H 1
#define HAVE_STDINT_H 1
#define HAVE_UNISTD_H 1
#define HAVE_KRB5_H 1
#define HAVE_GSSAPI_H 1
#define HAVE_GSSAPI_GSSAPI_H 1
#define HAVE_COM_ERR_H 1

configure: exit 0
